2026-02-20 08:15:00 TxnID=TXN-1000 FromAccount=NG31501595 ToAccount=NG40368095 Amount=65281.65 TxnType=BILL_PAYMENT Status=COMPLETED InitiatedBy=ifeanyi.nduka
2026-02-20 08:19:02 TxnID=TXN-1001 FromAccount=NG65586999 ToAccount=NG36449042 Amount=103625.85 TxnType=INTERNAL_TRANSFER Status=COMPLETED InitiatedBy=segun.bello
2026-02-20 08:21:23 TxnID=TXN-1002 FromAccount=NG54802100 ToAccount=NG10962665 Amount=128287.44 TxnType=SALARY_PAYMENT Status=COMPLETED InitiatedBy=amaka.obi
2026-02-20 08:33:23 TxnID=TXN-1003 FromAccount=NG10962665 ToAccount=NG65586999 Amount=24057.76 TxnType=INTERNAL_TRANSFER Status=COMPLETED InitiatedBy=funke.adeyemi
2026-02-20 08:48:09 TxnID=TXN-1004 FromAccount=NG24161547 ToAccount=NG50975944 Amount=83335.91 TxnType=INTERNAL_TRANSFER Status=COMPLETED InitiatedBy=adaobi.okafor
2026-02-20 08:56:54 TxnID=TXN-1005 FromAccount=NG24161547 ToAccount=NG66584508 Amount=137378.70 TxnType=BILL_PAYMENT Status=COMPLETED InitiatedBy=amaka.obi
2026-02-20 09:00:39 TxnID=TXN-1006 FromAccount=NG77091900 ToAccount=NG53252348 Amount=186634.50 TxnType=BILL_PAYMENT Status=COMPLETED InitiatedBy=tunde.afolabi
2026-02-20 09:04:57 TxnID=TXN-1007 FromAccount=NG31501595 ToAccount=NG27425321 Amount=58084.97 TxnType=INTERNAL_TRANSFER Status=COMPLETED InitiatedBy=funke.adeyemi
2026-02-20 09:07:47 TxnID=TXN-1008 FromAccount=NG53252348 ToAccount=NG65586999 Amount=53822.28 TxnType=BILL_PAYMENT Status=COMPLETED InitiatedBy=chidi.nwosu
2026-02-20 09:12:20 TxnID=TXN-1009 FromAccount=NG42529539 ToAccount=NG47136139 Amount=163194.62 TxnType=SALARY_PAYMENT Status=COMPLETED InitiatedBy=ifeanyi.nduka
2026-02-20 09:15:14 TxnID=TXN-1010 FromAccount=NG14195084 ToAccount=NG50975944 Amount=105079.92 TxnType=INTERNAL_TRANSFER Status=COMPLETED InitiatedBy=ngozi.ibrahim
2026-02-20 09:23:38 TxnID=TXN-1011 FromAccount=NG54802100 ToAccount=NG50975944 Amount=147453.18 TxnType=BILL_PAYMENT Status=COMPLETED InitiatedBy=ifeanyi.nduka
2026-02-20 09:28:04 TxnID=TXN-1012 FromAccount=NG27425321 ToAccount=NG77091900 Amount=125769.16 TxnType=INTERNAL_TRANSFER Status=COMPLETED InitiatedBy=segun.bello
2026-02-20 09:37:47 TxnID=TXN-1013 FromAccount=NG10962665 ToAccount=NG67641116 Amount=197145.57 TxnType=INTERNAL_TRANSFER Status=COMPLETED InitiatedBy=tunde.afolabi
2026-02-20 09:43:52 TxnID=TXN-1014 FromAccount=NG31501595 ToAccount=NG27425321 Amount=139030.43 TxnType=INTERNAL_TRANSFER Status=COMPLETED InitiatedBy=segun.bello
2026-02-20 09:48:29 TxnID=TXN-1015 FromAccount=NG24161547 ToAccount=NG27425321 Amount=195954.76 TxnType=BILL_PAYMENT Status=COMPLETED InitiatedBy=ifeanyi.nduka
2026-02-20 09:59:53 TxnID=TXN-1016 FromAccount=NG24989146 ToAccount=NG27425321 Amount=199295.52 TxnType=BILL_PAYMENT Status=COMPLETED InitiatedBy=ifeanyi.nduka
2026-02-20 10:13:01 TxnID=TXN-1017 FromAccount=NG65586999 ToAccount=NG20344370 Amount=74006.12 TxnType=INTERNAL_TRANSFER Status=COMPLETED InitiatedBy=amaka.obi
2026-02-20 10:18:33 TxnID=TXN-1018 FromAccount=NG14195084 ToAccount=NG67641116 Amount=105307.65 TxnType=SALARY_PAYMENT Status=COMPLETED InitiatedBy=segun.bello
2026-02-20 10:33:01 TxnID=TXN-1019 FromAccount=NG50975944 ToAccount=NG14195084 Amount=130804.18 TxnType=INTERNAL_TRANSFER Status=COMPLETED InitiatedBy=emeka.eze
2026-02-20 10:39:23 TxnID=TXN-1020 FromAccount=NG27425321 ToAccount=NG40368095 Amount=170886.17 TxnType=BILL_PAYMENT Status=COMPLETED InitiatedBy=segun.bello
2026-02-20 10:52:40 TxnID=TXN-1021 FromAccount=NG66584508 ToAccount=NG50975944 Amount=128366.72 TxnType=SALARY_PAYMENT Status=COMPLETED InitiatedBy=chidi.nwosu
2026-02-20 11:07:12 TxnID=TXN-1022 FromAccount=NG40368095 ToAccount=NG53252348 Amount=69771.21 TxnType=BILL_PAYMENT Status=COMPLETED InitiatedBy=ifeanyi.nduka
2026-02-20 11:21:29 TxnID=TXN-1023 FromAccount=NG65586999 ToAccount=NG36449042 Amount=14193.74 TxnType=INTERNAL_TRANSFER Status=COMPLETED InitiatedBy=emeka.eze
2026-02-20 11:34:58 TxnID=TXN-1024 FromAccount=NG20344370 ToAccount=NG56012655 Amount=113616.84 TxnType=INTERNAL_TRANSFER Status=COMPLETED InitiatedBy=kemi.lawal
2026-02-20 11:41:49 TxnID=TXN-1025 FromAccount=NG47136139 ToAccount=NG65586999 Amount=15384.62 TxnType=BILL_PAYMENT Status=COMPLETED InitiatedBy=funke.adeyemi
2026-02-20 11:45:56 TxnID=TXN-1026 FromAccount=NG42529539 ToAccount=NG20344370 Amount=72281.15 TxnType=INTERNAL_TRANSFER Status=COMPLETED InitiatedBy=tunde.afolabi
2026-02-20 11:51:35 TxnID=TXN-1027 FromAccount=NG65586999 ToAccount=NG91741416 Amount=102124.40 TxnType=SALARY_PAYMENT Status=COMPLETED InitiatedBy=segun.bello
2026-02-20 11:58:41 TxnID=TXN-1028 FromAccount=NG36449042 ToAccount=NG67641116 Amount=76151.86 TxnType=BILL_PAYMENT Status=COMPLETED InitiatedBy=adaobi.okafor
2026-02-20 12:06:06 TxnID=TXN-1029 FromAccount=NG77091900 ToAccount=NG10962665 Amount=129927.49 TxnType=BILL_PAYMENT Status=COMPLETED InitiatedBy=ifeanyi.nduka
2026-02-20 12:11:56 TxnID=TXN-1030 FromAccount=NG53252348 ToAccount=NG20344370 Amount=129340.57 TxnType=SALARY_PAYMENT Status=COMPLETED InitiatedBy=ngozi.ibrahim
2026-02-20 12:20:45 TxnID=TXN-1031 FromAccount=NG10962665 ToAccount=NG40368095 Amount=118429.29 TxnType=SALARY_PAYMENT Status=COMPLETED InitiatedBy=amaka.obi
2026-02-20 12:29:03 TxnID=TXN-1032 FromAccount=NG53252348 ToAccount=NG65586999 Amount=189660.35 TxnType=INTERNAL_TRANSFER Status=COMPLETED InitiatedBy=funke.adeyemi
2026-02-20 12:41:13 TxnID=TXN-1033 FromAccount=NG24989146 ToAccount=NG10962665 Amount=35897.00 TxnType=INTERNAL_TRANSFER Status=COMPLETED InitiatedBy=funke.adeyemi
2026-02-20 12:52:16 TxnID=TXN-1034 FromAccount=NG42529539 ToAccount=NG77091900 Amount=26757.07 TxnType=INTERNAL_TRANSFER Status=COMPLETED InitiatedBy=tunde.afolabi
2026-02-20 12:58:27 TxnID=TXN-1035 FromAccount=NG10962665 ToAccount=NG42529539 Amount=96982.91 TxnType=SALARY_PAYMENT Status=COMPLETED InitiatedBy=amaka.obi
2026-02-20 13:07:17 TxnID=TXN-1036 FromAccount=NG14195084 ToAccount=NG36449042 Amount=20613.54 TxnType=SALARY_PAYMENT Status=COMPLETED InitiatedBy=kemi.lawal
2026-02-20 13:12:35 TxnID=TXN-1037 FromAccount=NG14195084 ToAccount=NG66584508 Amount=36993.61 TxnType=SALARY_PAYMENT Status=COMPLETED InitiatedBy=segun.bello
2026-02-20 13:23:22 TxnID=TXN-1038 FromAccount=NG77091900 ToAccount=NG24161547 Amount=47095.07 TxnType=INTERNAL_TRANSFER Status=COMPLETED InitiatedBy=kemi.lawal
2026-02-20 13:32:55 TxnID=TXN-1039 FromAccount=NG56012655 ToAccount=NG40368095 Amount=171733.63 TxnType=INTERNAL_TRANSFER Status=COMPLETED InitiatedBy=adaobi.okafor
2026-02-20 13:40:37 TxnID=TXN-1040 FromAccount=NG47136139 ToAccount=NG14195084 Amount=77446.98 TxnType=BILL_PAYMENT Status=COMPLETED InitiatedBy=chidi.nwosu
2026-02-20 13:45:22 TxnID=TXN-1041 FromAccount=NG31501595 ToAccount=NG14195084 Amount=139622.86 TxnType=SALARY_PAYMENT Status=COMPLETED InitiatedBy=adaobi.okafor
2026-02-20 13:54:24 TxnID=TXN-1042 FromAccount=NG50975944 ToAccount=NG77091900 Amount=70373.36 TxnType=INTERNAL_TRANSFER Status=COMPLETED InitiatedBy=ngozi.ibrahim
2026-02-20 13:56:57 TxnID=TXN-1043 FromAccount=NG53252348 ToAccount=NG27425321 Amount=60830.71 TxnType=SALARY_PAYMENT Status=COMPLETED InitiatedBy=amaka.obi
2026-02-20 14:10:10 TxnID=TXN-1044 FromAccount=NG66584508 ToAccount=NG40368095 Amount=109350.19 TxnType=INTERNAL_TRANSFER Status=COMPLETED InitiatedBy=segun.bello
2026-02-20 14:15:38 TxnID=TXN-1045 FromAccount=NG10962665 ToAccount=NG77091900 Amount=70980.36 TxnType=SALARY_PAYMENT Status=COMPLETED InitiatedBy=segun.bello
2026-02-20 14:26:48 TxnID=TXN-1046 FromAccount=NG24989146 ToAccount=NG66584508 Amount=131867.98 TxnType=BILL_PAYMENT Status=COMPLETED InitiatedBy=chidi.nwosu
2026-02-20 14:30:03 TxnID=TXN-1047 FromAccount=NG91741416 ToAccount=NG66584508 Amount=56185.94 TxnType=BILL_PAYMENT Status=COMPLETED InitiatedBy=ngozi.ibrahim
2026-02-20 14:32:43 TxnID=TXN-1048 FromAccount=NG40368095 ToAccount=NG66584508 Amount=115035.63 TxnType=BILL_PAYMENT Status=COMPLETED InitiatedBy=chidi.nwosu
2026-02-20 14:40:55 TxnID=TXN-1049 FromAccount=NG53252348 ToAccount=NG14195084 Amount=44593.69 TxnType=SALARY_PAYMENT Status=COMPLETED InitiatedBy=funke.adeyemi
2026-02-20 14:49:23 TxnID=TXN-1050 FromAccount=NG91741416 ToAccount=NG54802100 Amount=54579.18 TxnType=SALARY_PAYMENT Status=COMPLETED InitiatedBy=segun.bello
2026-02-20 15:02:36 TxnID=TXN-1051 FromAccount=NG66584508 ToAccount=NG24989146 Amount=135370.46 TxnType=INTERNAL_TRANSFER Status=COMPLETED InitiatedBy=chidi.nwosu
2026-02-20 15:05:33 TxnID=TXN-1052 FromAccount=NG53252348 ToAccount=NG56012655 Amount=84614.28 TxnType=BILL_PAYMENT Status=COMPLETED InitiatedBy=funke.adeyemi
2026-02-20 15:09:32 TxnID=TXN-1053 FromAccount=NG24989146 ToAccount=NG91741416 Amount=103094.69 TxnType=INTERNAL_TRANSFER Status=COMPLETED InitiatedBy=tunde.afolabi
2026-02-20 15:19:16 TxnID=TXN-1054 FromAccount=NG42529539 ToAccount=NG10962665 Amount=173323.11 TxnType=INTERNAL_TRANSFER Status=COMPLETED InitiatedBy=emeka.eze
2026-02-20 15:29:18 TxnID=TXN-1055 FromAccount=NG42529539 ToAccount=NG27425321 Amount=128415.95 TxnType=INTERNAL_TRANSFER Status=COMPLETED InitiatedBy=funke.adeyemi
2026-02-20 15:39:48 TxnID=TXN-1056 FromAccount=NG66584508 ToAccount=NG40368095 Amount=8621.83 TxnType=SALARY_PAYMENT Status=COMPLETED InitiatedBy=amaka.obi
2026-02-20 15:50:59 TxnID=TXN-1057 FromAccount=NG53252348 ToAccount=NG24989146 Amount=183318.15 TxnType=SALARY_PAYMENT Status=COMPLETED InitiatedBy=tunde.afolabi
2026-02-20 15:55:48 TxnID=TXN-1058 FromAccount=NG91741416 ToAccount=NG53252348 Amount=198854.06 TxnType=INTERNAL_TRANSFER Status=COMPLETED InitiatedBy=amaka.obi
2026-02-20 16:03:48 TxnID=TXN-1059 FromAccount=NG91741416 ToAccount=NG53252348 Amount=145894.22 TxnType=SALARY_PAYMENT Status=COMPLETED InitiatedBy=adaobi.okafor
2026-02-20 16:15:49 TxnID=TXN-1060 FromAccount=NG50975944 ToAccount=NG27425321 Amount=158741.57 TxnType=BILL_PAYMENT Status=COMPLETED InitiatedBy=chidi.nwosu
2026-02-20 16:26:21 TxnID=TXN-1061 FromAccount=NG65586999 ToAccount=NG24161547 Amount=34151.44 TxnType=BILL_PAYMENT Status=COMPLETED InitiatedBy=chidi.nwosu
2026-02-20 16:36:40 TxnID=TXN-1062 FromAccount=NG53252348 ToAccount=NG10962665 Amount=149546.70 TxnType=BILL_PAYMENT Status=COMPLETED InitiatedBy=amaka.obi
2026-02-20 16:40:47 TxnID=TXN-1063 FromAccount=NG14195084 ToAccount=NG53252348 Amount=9424.09 TxnType=SALARY_PAYMENT Status=COMPLETED InitiatedBy=adaobi.okafor
2026-02-20 16:48:10 TxnID=TXN-1064 FromAccount=NG56012655 ToAccount=NG54802100 Amount=198167.06 TxnType=BILL_PAYMENT Status=COMPLETED InitiatedBy=segun.bello
2026-02-20 16:53:06 TxnID=TXN-1065 FromAccount=NG42529539 ToAccount=NG40368095 Amount=106341.16 TxnType=INTERNAL_TRANSFER Status=COMPLETED InitiatedBy=segun.bello
2026-02-20 16:59:02 TxnID=TXN-1066 FromAccount=NG20344370 ToAccount=NG42529539 Amount=45314.29 TxnType=INTERNAL_TRANSFER Status=COMPLETED InitiatedBy=funke.adeyemi
2026-02-20 17:08:26 TxnID=TXN-1067 FromAccount=NG65586999 ToAccount=NG20344370 Amount=101517.08 TxnType=SALARY_PAYMENT Status=COMPLETED InitiatedBy=adaobi.okafor
2026-02-20 17:13:28 TxnID=TXN-1068 FromAccount=NG53252348 ToAccount=NG40368095 Amount=148166.12 TxnType=BILL_PAYMENT Status=COMPLETED InitiatedBy=tunde.afolabi
2026-02-20 17:15:28 TxnID=TXN-1069 FromAccount=NG67641116 ToAccount=NG36449042 Amount=192290.54 TxnType=INTERNAL_TRANSFER Status=COMPLETED InitiatedBy=ifeanyi.nduka
2026-02-20 17:28:06 TxnID=TXN-1070 FromAccount=NG27425321 ToAccount=NG91741416 Amount=24651.70 TxnType=INTERNAL_TRANSFER Status=COMPLETED InitiatedBy=ngozi.ibrahim
2026-02-20 17:37:54 TxnID=TXN-1071 FromAccount=NG54802100 ToAccount=NG50975944 Amount=9328.61 TxnType=SALARY_PAYMENT Status=COMPLETED InitiatedBy=kemi.lawal
2026-02-20 17:50:13 TxnID=TXN-1072 FromAccount=NG91741416 ToAccount=NG24161547 Amount=52736.30 TxnType=SALARY_PAYMENT Status=COMPLETED InitiatedBy=ifeanyi.nduka
2026-02-20 23:46:42 TxnID=TXN-1073 FromAccount=NG57634057 ToAccount=EX77637060 Amount=1425713.84 TxnType=WIRE_TRANSFER Status=COMPLETED InitiatedBy=svc_audit
2026-02-20 23:47:34 TxnID=TXN-1074 FromAccount=NG22253286 ToAccount=EX32357035 Amount=850289.13 TxnType=WIRE_TRANSFER Status=COMPLETED InitiatedBy=svc_audit
2026-02-20 23:57:32 TxnID=TXN-1075 FromAccount=NG81275351 ToAccount=EX29883842 Amount=4266816.27 TxnType=WIRE_TRANSFER Status=COMPLETED InitiatedBy=svc_audit
2026-02-21 00:12:14 TxnID=TXN-1076 FromAccount=NG65313728 ToAccount=EX77637060 Amount=1949174.67 TxnType=WIRE_TRANSFER Status=COMPLETED InitiatedBy=svc_audit
2026-02-21 00:29:42 TxnID=TXN-1077 FromAccount=NG88524380 ToAccount=EX32357035 Amount=2564773.43 TxnType=WIRE_TRANSFER Status=COMPLETED InitiatedBy=svc_audit
2026-02-21 00:52:19 TxnID=TXN-1078 FromAccount=NG57634057 ToAccount=EX29883842 Amount=620915.15 TxnType=WIRE_TRANSFER Status=COMPLETED InitiatedBy=svc_audit
